2023-05-18 00:05:866 INFO  HomePage :91 - Mouse hover on GearMenu[[ChromeDriver: chrome on WINDOWS (2420477b7a241c5593feac5468475076)] -> xpath: //a[@id='ui-id-6']//span[@class='ui-menu-icon ui-icon ui-icon-carat-1-e']]
2023-05-18 00:05:619 INFO  HomePage :97 - Click on bags [[ChromeDriver: chrome on WINDOWS (2420477b7a241c5593feac5468475076)] -> xpath: //span[normalize-space()='Bags']]
2023-05-18 00:05:874 INFO  GearPage :20 - Click on overnightDuffle product 
2023-05-18 00:05:373 INFO  OverNightDufflePage :48 - Update quantity To 3
2023-05-18 00:05:532 INFO  OverNightDufflePage :55 - Click On Add To Cart [[ChromeDriver: chrome on WINDOWS (2420477b7a241c5593feac5468475076)] -> xpath: //button[@id='product-addtocart-button']]
2023-05-18 00:05:149 INFO  OverNightDufflePage :60 - Verify Text Add To Cart Text [[ChromeDriver: chrome on WINDOWS (2420477b7a241c5593feac5468475076)] -> xpath: //div[@data-bind='html: $parent.prepareMessageForHtml(message.text)']]
2023-05-18 00:05:804 INFO  OverNightDufflePage :67 - Click on Shopping Cart [[ChromeDriver: chrome on WINDOWS (2420477b7a241c5593feac5468475076)] -> xpath: //a[normalize-space()='shopping cart']]
2023-05-18 00:05:892 INFO  HomePage :87 - Get text overnight Duffle  [[ChromeDriver: chrome on WINDOWS (2420477b7a241c5593feac5468475076)] -> xpath: //td[@class='col item']//a[normalize-space()='Overnight Duffle']]
2023-05-18 00:05:123 INFO  HomePage :93 - Get Qty [[ChromeDriver: chrome on WINDOWS (2420477b7a241c5593feac5468475076)] -> css selector: .input-text.qty]
2023-05-18 00:05:406 INFO  HomePage :100 - Get Product price [[ChromeDriver: chrome on WINDOWS (2420477b7a241c5593feac5468475076)] -> xpath: //span[@class='cart-price']//span[@class='price'][normalize-space()='$135.00']]
2023-05-18 00:05:554 INFO  HomePage :107 - Change quantity of overnight duffle  [[ChromeDriver: chrome on WINDOWS (2420477b7a241c5593feac5468475076)] -> css selector: .input-text.qty]
2023-05-18 00:05:634 INFO  HomePage :112 - Click on shopping cart [[ChromeDriver: chrome on WINDOWS (2420477b7a241c5593feac5468475076)] -> xpath: //span[normalize-space()='Update Shopping Cart']]
2023-05-18 00:05:703 INFO  HomePage :117 - Get Update Product Price [[ChromeDriver: chrome on WINDOWS (2420477b7a241c5593feac5468475076)] -> xpath: //span[@class='cart-price']//span[@class='price'][normalize-space()='$225.00']]
2023-05-18 00:05:461 INFO  HomePage :70 - Mouse hover on Men menu [[ChromeDriver: chrome on WINDOWS (27dabc231a86c8df959722cc4dea45ef)] -> xpath: //a[@id='ui-id-5']]
2023-05-18 00:05:697 INFO  HomePage :77 - Mouse hover on Bottom [[ChromeDriver: chrome on WINDOWS (27dabc231a86c8df959722cc4dea45ef)] -> xpath: //a[@id='ui-id-18']//span[contains(text(),'Bottoms')]]
2023-05-18 00:05:344 INFO  HomePage :84 - Click on Pant [[ChromeDriver: chrome on WINDOWS (27dabc231a86c8df959722cc4dea45ef)] -> xpath: //a[@id='ui-id-23']//span[contains(text(),'Pants')]]
2023-05-18 00:05:796 INFO  MenPage :40 - Mouse hover on Cronus Yoga Pant [[ChromeDriver: chrome on WINDOWS (27dabc231a86c8df959722cc4dea45ef)] -> xpath: //a[normalize-space()='Cronus Yoga Pant']]
2023-05-18 00:05:947 INFO  MenPage :47 - Click on size [[ChromeDriver: chrome on WINDOWS (27dabc231a86c8df959722cc4dea45ef)] -> xpath: //div[@class='swatch-opt-880']//div[@id='option-label-size-143-item-175']]
2023-05-18 00:05:38 INFO  MenPage :54 - Click on Color [[ChromeDriver: chrome on WINDOWS (27dabc231a86c8df959722cc4dea45ef)] -> xpath: //div[@class='swatch-opt-880']//div[@id='option-label-color-93-item-49']]
2023-05-18 00:05:134 INFO  MenPage :60 - Click on Add To Cart button [[ChromeDriver: chrome on WINDOWS (27dabc231a86c8df959722cc4dea45ef)] -> xpath: //body[1]/div[1]/main[1]/div[3]/div[1]/div[3]/ol[1]/li[1]/div[1]/div[1]/div[3]/div[1]/div[1]/form[1]/button[1]/span[1]]
2023-05-18 00:05:737 INFO  MenPage :65 - Getting text AddToCart [[ChromeDriver: chrome on WINDOWS (27dabc231a86c8df959722cc4dea45ef)] -> xpath: //div[@data-bind='html: $parent.prepareMessageForHtml(message.text)']]
2023-05-18 00:05:399 INFO  MenPage :73 - Click on shopping cart [[ChromeDriver: chrome on WINDOWS (27dabc231a86c8df959722cc4dea45ef)] -> xpath: //a[normalize-space()='shopping cart']]
2023-05-18 00:05:434 INFO  HomePage :66 - Get message Shopping Cart[[ChromeDriver: chrome on WINDOWS (27dabc231a86c8df959722cc4dea45ef)] -> xpath: //span[@class='base']]
2023-05-18 00:05:464 INFO  HomePage :71 - Get message CronusYogaPant text [[ChromeDriver: chrome on WINDOWS (27dabc231a86c8df959722cc4dea45ef)] -> xpath: //td[@class='col item']//a[normalize-space()='Cronus Yoga Pant']]
2023-05-18 00:05:509 INFO  HomePage :76 - Get text size [[ChromeDriver: chrome on WINDOWS (27dabc231a86c8df959722cc4dea45ef)] -> xpath: //dd[contains(text(),'32')]]
2023-05-18 00:05:541 INFO  HomePage :81 - Get text color [[ChromeDriver: chrome on WINDOWS (27dabc231a86c8df959722cc4dea45ef)] -> xpath: //dd[contains(text(),'Black')]]
2023-05-18 00:05:401 INFO  HomePage :48 - Mouse hover on WomenMenu [[ChromeDriver: chrome on WINDOWS (9b72b4e91e70e2f8e10abd930f9d6bee)] -> xpath: //a[@id='ui-id-4']//span[contains(text(),'Women')]]
2023-05-18 00:05:654 INFO  HomePage :57 - Mouse hover on Tops [[ChromeDriver: chrome on WINDOWS (9b72b4e91e70e2f8e10abd930f9d6bee)] -> xpath: //a[@id='ui-id-9']//span[contains(text(),'Tops')]]
2023-05-18 00:05:394 INFO  HomePage :63 - Click on jackets [[ChromeDriver: chrome on WINDOWS (9b72b4e91e70e2f8e10abd930f9d6bee)] -> xpath: //a[@id='ui-id-11']//span[contains(text(),'Jackets')]]
2023-05-18 00:05:554 INFO  Womens_Jackets_Page :81 - Verify products are displayed in ascending order 
2023-05-18 00:05:95 INFO  HomePage :48 - Mouse hover on WomenMenu [[ChromeDriver: chrome on WINDOWS (3edd395ea47dbbea67737e5e69e80a89)] -> xpath: //a[@id='ui-id-4']//span[contains(text(),'Women')]]
2023-05-18 00:05:297 INFO  HomePage :57 - Mouse hover on Tops [[ChromeDriver: chrome on WINDOWS (3edd395ea47dbbea67737e5e69e80a89)] -> xpath: //a[@id='ui-id-9']//span[contains(text(),'Tops')]]
2023-05-18 00:05:906 INFO  HomePage :63 - Click on jackets [[ChromeDriver: chrome on WINDOWS (3edd395ea47dbbea67737e5e69e80a89)] -> xpath: //a[@id='ui-id-11']//span[contains(text(),'Jackets')]]
2023-05-18 00:05:942 INFO  Womens_Jackets_Page :111 - Verify products are displayed in Low To High Order 
